<?xml version="1.0" encoding="UTF-8"?>
<!-- Generated by org.testng.reporters.JUnitXMLReporter -->
<testsuite hostname="Karthick" name="run_groups" tests="3" failures="0" timestamp="25 Dec 2018 11:55:57 GMT" time="0.002" errors="0">
  <testcase name="a_m3" time="0.0" classname="com.sample.selenium.testng.SampleClass"/>
  <testcase name="e_m4" time="0.0" classname="com.sample.selenium.testng.SampleClass"/>
  <testcase name="d_m5" time="0.0" classname="com.sample.selenium.testng.SampleClass"/>
</testsuite> <!-- run_groups -->
