<?xml version="1.0" encoding="UTF-8"?>
<testsuite xmlns:xsi="http://www.w3.org/2001/XMLSchema-instance" xsi:noNamespaceSchemaLocation="https://maven.apache.org/surefire/maven-surefire-plugin/xsd/surefire-test-report.xsd" name="TestSuite" time="79.517" tests="56" errors="0" skipped="7" failures="7">
  <properties>
[...]
</properties>
  <testcase name="m1" classname="com.sample.selenium.testng.DataProviderSample" time="0.001"/>
  <testcase name="m1" classname="com.sample.selenium.testng.DataProviderSample" time="0.001"/>
  <testcase name="m1" classname="com.sample.selenium.testng.DataProviderSample" time="0.001"/>
  <testcase name="m1" classname="com.sample.selenium.testng.DataProviderSample" time="0.001"/>
  <testcase name="m1" classname="com.sample.selenium.testng.DataProviderSample" time="0"/>
  <testcase name="m1" classname="com.sample.selenium.testng.DataProviderSample" time="0.002"/>
  <testcase name="m1" classname="com.sample.selenium.testng.DataProviderSample" time="0.001"/>
  <testcase name="m1" classname="com.sample.selenium.testng.DataProviderSample" time="0.001"/>
  <testcase name="m1" classname="com.sample.selenium.testng.DataProviderSample" time="0.001"/>
  <testcase name="m1" classname="com.sample.selenium.testng.DataProviderSample" time="0"/>
  <testcase name="m1" classname="com.sample.selenium.testng.DataProviderSample" time="0.001"/>
  <testcase name="m1" classname="com.sample.selenium.testng.DataProviderSample" time="0"/>
  <testcase name="m1" classname="com.sample.selenium.testng.DataProviderSample" time="0"/>
  <testcase name="m1" classname="com.sample.selenium.testng.DataProviderSample" time="0"/>
  <testcase name="m1" classname="com.sample.selenium.testng.DataProviderSample" time="0.001"/>
  <testcase name="m1" classname="com.sample.selenium.testng.DataProviderSample" time="0"/>
  <testcase name="m1" classname="com.sample.selenium.testng.DataProviderSample" time="0.001"/>
  <testcase name="m1" classname="com.sample.selenium.testng.DataProviderSample" time="0"/>
  <testcase name="b_m1" classname="com.sample.selenium.testng.SampleClass" time="7.756">
    <failure message="expected [Please enter admin Username] but found [Please enter admin Username.]" type="java.lang.AssertionError">java.lang.AssertionError: expected [Please enter admin Username] but found [Please enter admin Username.]
	at com.sample.selenium.testng.SampleClass.b_m1(SampleClass.java:30)
</failure>
    <system-err><![CDATA[Starting ChromeDriver 2.41.578737 (49da6702b16031c40d63e5618de03a32ff6c197e) on port 45375
Only local connections are allowed.
Dec 25, 2018 5:24:51 PM org.openqa.selenium.remote.ProtocolHandshake createSession
INFO: Detected dialect: OSS
]]></system-err>
  </testcase>
  <testcase name="b_m1" classname="com.sample.selenium.testng.SampleClass" time="8.966">
    <failure message="expected [Please enter admin Username] but found [Please enter admin Username.]" type="java.lang.AssertionError">java.lang.AssertionError: expected [Please enter admin Username] but found [Please enter admin Username.]
	at com.sample.selenium.testng.SampleClass.b_m1(SampleClass.java:30)
</failure>
    <system-out><![CDATA[after test
after test
before test
before test
]]></system-out>
    <system-err><![CDATA[Starting ChromeDriver 2.41.578737 (49da6702b16031c40d63e5618de03a32ff6c197e) on port 49061
Only local connections are allowed.
Dec 25, 2018 5:25:13 PM org.openqa.selenium.remote.ProtocolHandshake createSession
INFO: Detected dialect: OSS
Starting ChromeDriver 2.41.578737 (49da6702b16031c40d63e5618de03a32ff6c197e) on port 46510
Only local connections are allowed.
Dec 25, 2018 5:25:19 PM org.openqa.selenium.remote.ProtocolHandshake createSession
INFO: Detected dialect: OSS
]]></system-err>
  </testcase>
  <testcase name="b_m1" classname="com.sample.selenium.testng.SampleClass" time="4.743">
    <failure message="expected [Please enter admin Username] but found [Please enter admin Username.]" type="java.lang.AssertionError">java.lang.AssertionError: expected [Please enter admin Username] but found [Please enter admin Username.]
	at com.sample.selenium.testng.SampleClass.b_m1(SampleClass.java:30)
</failure>
    <system-out><![CDATA[after test
after test
before test
]]></system-out>
    <system-err><![CDATA[Starting ChromeDriver 2.41.578737 (49da6702b16031c40d63e5618de03a32ff6c197e) on port 1988
Only local connections are allowed.
Dec 25, 2018 5:25:54 PM org.openqa.selenium.remote.ProtocolHandshake createSession
INFO: Detected dialect: OSS
]]></system-err>
  </testcase>
  <testcase name="a_m3" classname="com.sample.selenium.testng.SampleClass" time="0"/>
  <testcase name="a_m3" classname="com.sample.selenium.testng.SampleClass" time="0"/>
  <testcase name="a_m3" classname="com.sample.selenium.testng.SampleClass" time="0"/>
  <testcase name="a_m3" classname="com.sample.selenium.testng.SampleClass" time="0"/>
  <testcase name="e_m4" classname="com.sample.selenium.testng.SampleClass" time="0"/>
  <testcase name="e_m4" classname="com.sample.selenium.testng.SampleClass" time="0.005"/>
  <testcase name="e_m4" classname="com.sample.selenium.testng.SampleClass" time="0"/>
  <testcase name="e_m4" classname="com.sample.selenium.testng.SampleClass" time="0"/>
  <testcase name="d_m5" classname="com.sample.selenium.testng.SampleClass" time="0"/>
  <testcase name="d_m5" classname="com.sample.selenium.testng.SampleClass" time="0.001"/>
  <testcase name="d_m5" classname="com.sample.selenium.testng.SampleClass" time="0"/>
  <testcase name="c_m2" classname="com.sample.selenium.testng.SampleClass" time="0">
    <skipped/>
  </testcase>
  <testcase name="c_m2" classname="com.sample.selenium.testng.SampleClass" time="0">
    <skipped/>
  </testcase>
  <testcase name="c_m2" classname="com.sample.selenium.testng.SampleClass" time="0">
    <skipped/>
  </testcase>
  <testcase name="b_m1" classname="com.sample.selenium.testng.SampleClass2" time="0.002">
    <failure type="java.lang.NullPointerException">java.lang.NullPointerException
	at com.sample.selenium.testng.SampleClass2.b_m1(SampleClass2.java:20)
</failure>
  </testcase>
  <testcase name="b_m1" classname="com.sample.selenium.testng.SampleClass2" time="0">
    <failure type="java.lang.NullPointerException">java.lang.NullPointerException
	at com.sample.selenium.testng.SampleClass2.b_m1(SampleClass2.java:20)
</failure>
  </testcase>
  <testcase name="a_m3" classname="com.sample.selenium.testng.SampleClass2" time="0.001"/>
  <testcase name="a_m3" classname="com.sample.selenium.testng.SampleClass2" time="0.015"/>
  <testcase name="e_m4" classname="com.sample.selenium.testng.SampleClass2" time="0.001"/>
  <testcase name="e_m4" classname="com.sample.selenium.testng.SampleClass2" time="0"/>
  <testcase name="d_m5" classname="com.sample.selenium.testng.SampleClass2" time="0"/>
  <testcase name="d_m5" classname="com.sample.selenium.testng.SampleClass2" time="0.001"/>
  <testcase name="c_m2" classname="com.sample.selenium.testng.SampleClass2" time="0">
    <skipped/>
  </testcase>
  <testcase name="c_m2" classname="com.sample.selenium.testng.SampleClass2" time="0">
    <skipped/>
  </testcase>
  <testcase name="b_m1" classname="com.sample.selenium.testng.SampleClass3" time="13.033">
    <failure message="expected [Please enter admin Username] but found [Please enter admin Username.]" type="java.lang.AssertionError">java.lang.AssertionError: expected [Please enter admin Username] but found [Please enter admin Username.]
	at com.sample.selenium.testng.SampleClass3.b_m1(SampleClass3.java:30)
</failure>
    <system-err><![CDATA[Starting ChromeDriver 2.41.578737 (49da6702b16031c40d63e5618de03a32ff6c197e) on port 9472
Only local connections are allowed.
Dec 25, 2018 5:25:03 PM org.openqa.selenium.remote.ProtocolHandshake createSession
INFO: Detected dialect: OSS
]]></system-err>
  </testcase>
  <testcase name="b_m1" classname="com.sample.selenium.testng.SampleClass3" time="25.201">
    <failure message="chrome not reachable&#10;  (Session info: chrome=71.0.3578.98)&#10;  (Driver info: chromedriver=2.41.578737 (49da6702b16031c40d63e5618de03a32ff6c197e),platform=Windows NT 6.3.9600 x86_64) (WARNING: The server did not provide any stacktrace information)&#10;Command duration or timeout: 0 milliseconds&#10;Build info: version: &apos;3.141.59&apos;, revision: &apos;e82be7d358&apos;, time: &apos;2018-11-14T08:17:03&apos;&#10;System info: host: &apos;KARTHICK&apos;, ip: &apos;192.168.99.1&apos;, os.name: &apos;Windows 8.1&apos;, os.arch: &apos;amd64&apos;, os.version: &apos;6.3&apos;, java.version: &apos;1.8.0_73&apos;&#10;Driver info: org.openqa.selenium.chrome.ChromeDriver&#10;Capabilities {acceptInsecureCerts: false, acceptSslCerts: false, applicationCacheEnabled: false, browserConnectionEnabled: false, browserName: chrome, chrome: {chromedriverVersion: 2.41.578737 (49da6702b16031..., userDataDir: C:\Users\KARTHI~1\AppData\L...}, cssSelectorsEnabled: true, databaseEnabled: false, goog:chromeOptions: {debuggerAddress: localhost:64876}, handlesAlerts: true, hasTouchScreen: false, javascriptEnabled: true, locationContextEnabled: true, mobileEmulationEnabled: false, nativeEvents: true, networkConnectionEnabled: false, pageLoadStrategy: normal, platform: XP, platformName: XP, rotatable: false, setWindowRect: true, takesHeapSnapshot: true, takesScreenshot: true, unexpectedAlertBehaviour: , unhandledPromptBehavior: , version: 71.0.3578.98, webStorageEnabled: true}&#10;Session ID: e998e985876d4692d6e16b505e4552ea&#10;*** Element info: {Using=id, value=submit}" type="org.openqa.selenium.WebDriverException">org.openqa.selenium.WebDriverException: 
chrome not reachable
  (Session info: chrome=71.0.3578.98)
  (Driver info: chromedriver=2.41.578737 (49da6702b16031c40d63e5618de03a32ff6c197e),platform=Windows NT 6.3.9600 x86_64) (WARNING: The server did not provide any stacktrace information)
Command duration or timeout: 0 milliseconds
Build info: version: '3.141.59', revision: 'e82be7d358', time: '2018-11-14T08:17:03'
System info: host: 'KARTHICK', ip: '192.168.99.1', os.name: 'Windows 8.1', os.arch: 'amd64', os.version: '6.3', java.version: '1.8.0_73'
Driver info: org.openqa.selenium.chrome.ChromeDriver
Capabilities {acceptInsecureCerts: false, acceptSslCerts: false, applicationCacheEnabled: false, browserConnectionEnabled: false, browserName: chrome, chrome: {chromedriverVersion: 2.41.578737 (49da6702b16031..., userDataDir: C:\Users\KARTHI~1\AppData\L...}, cssSelectorsEnabled: true, databaseEnabled: false, goog:chromeOptions: {debuggerAddress: localhost:64876}, handlesAlerts: true, hasTouchScreen: false, javascriptEnabled: true, locationContextEnabled: true, mobileEmulationEnabled: false, nativeEvents: true, networkConnectionEnabled: false, pageLoadStrategy: normal, platform: XP, platformName: XP, rotatable: false, setWindowRect: true, takesHeapSnapshot: true, takesScreenshot: true, unexpectedAlertBehaviour: , unhandledPromptBehavior: , version: 71.0.3578.98, webStorageEnabled: true}
Session ID: e998e985876d4692d6e16b505e4552ea
*** Element info: {Using=id, value=submit}
	at com.sample.selenium.testng.SampleClass3.b_m1(SampleClass3.java:24)
</failure>
    <system-err><![CDATA[Starting ChromeDriver 2.41.578737 (49da6702b16031c40d63e5618de03a32ff6c197e) on port 10185
Only local connections are allowed.
Dec 25, 2018 5:25:28 PM org.openqa.selenium.remote.ProtocolHandshake createSession
INFO: Detected dialect: OSS
[1545738941.515][WARNING]: Timed out connecting to Chrome, retrying...
[1545738947.524][WARNING]: Timed out connecting to Chrome, retrying...
]]></system-err>
  </testcase>
  <testcase name="a_m3" classname="com.sample.selenium.testng.SampleClass3" time="0.001"/>
  <testcase name="a_m3" classname="com.sample.selenium.testng.SampleClass3" time="0"/>
  <testcase name="e_m4" classname="com.sample.selenium.testng.SampleClass3" time="0"/>
  <testcase name="e_m4" classname="com.sample.selenium.testng.SampleClass3" time="0.001"/>
  <testcase name="d_m5" classname="com.sample.selenium.testng.SampleClass3" time="0"/>
  <testcase name="d_m5" classname="com.sample.selenium.testng.SampleClass3" time="0"/>
  <testcase name="c_m2" classname="com.sample.selenium.testng.SampleClass3" time="0">
    <skipped/>
  </testcase>
  <testcase name="c_m2" classname="com.sample.selenium.testng.SampleClass3" time="0">
    <skipped/>
  </testcase>
  <testcase name="m1" classname="com.sample.selenium.testng.XmlParameterSample" time="0.001"/>
</testsuite>